[2022-10-05][15:04:07][INFO][STKLR::termite][21] Logger setup complete.
[2022-10-05][15:04:08][INFO][STKLR::search::utils::tests][301] /media/jer/ARCHIVE/scrapers/rustwari/src/cvutils.rs
[2022-10-05][15:04:08][INFO][STKLR::search::utils::tests][301] /media/jer/ARCHIVE/scrapers/rustwari/src/fileutils.rs
[2022-10-05][15:04:08][INFO][STKLR::search::utils::tests][301] /media/jer/ARCHIVE/scrapers/rustwari/src/himawaridt.rs
[2022-10-05][15:04:08][INFO][STKLR::search::utils::tests][301] /media/jer/ARCHIVE/scrapers/rustwari/src/lib.rs
[2022-10-05][15:04:08][INFO][STKLR::search::utils::tests][301] /media/jer/ARCHIVE/scrapers/rustwari/src/main.rs
[2022-10-05][15:04:08][INFO][STKLR::search::utils::tests][301] /media/jer/ARCHIVE/scrapers/rustwari/src/tiles.rs
[2022-10-05][15:04:08][INFO][STKLR::search::utils::tests][301] /media/jer/ARCHIVE/scrapers/rustwari/src/user_config.rs
[2022-10-05][15:04:08][INFO][STKLR::search::utils::tests][301] /media/jer/ARCHIVE/scrapers/rustwari/src/wallpaperutils.rs
[2022-10-05][15:04:08][INFO][STKLR::search::utils::tests][325] 8 FILES IN: 0.082901615s
[2022-10-05][15:11:10][INFO][STKLR::termite][21] Logger setup complete.
[2022-10-05][15:11:11][INFO][STKLR][18] /media/jer/ARCHIVE/scrapers/rustwari/src/cvutils.rs
[2022-10-05][15:11:11][INFO][STKLR][18] /media/jer/ARCHIVE/scrapers/rustwari/src/fileutils.rs
[2022-10-05][15:11:11][INFO][STKLR][18] /media/jer/ARCHIVE/scrapers/rustwari/src/himawaridt.rs
[2022-10-05][15:11:11][INFO][STKLR][18] /media/jer/ARCHIVE/scrapers/rustwari/src/lib.rs
[2022-10-05][15:11:11][INFO][STKLR][18] /media/jer/ARCHIVE/scrapers/rustwari/src/main.rs
[2022-10-05][15:11:11][INFO][STKLR][18] /media/jer/ARCHIVE/scrapers/rustwari/src/termite.rs
[2022-10-05][15:11:11][INFO][STKLR][18] /media/jer/ARCHIVE/scrapers/rustwari/src/tiles.rs
[2022-10-05][15:11:11][INFO][STKLR][18] /media/jer/ARCHIVE/scrapers/rustwari/src/user_config.rs
[2022-10-05][15:11:11][INFO][STKLR][18] /media/jer/ARCHIVE/scrapers/rustwari/src/wallpaperutils.rs
[2022-10-05][15:11:11][INFO][STKLR][42] 9 FILES IN: 0.189482201s
[2022-10-05][15:36:54][INFO][STKLR::termite][21] Logger setup complete.
[2022-10-05][15:36:54][INFO][STKLR::search::utils::tests][303] /media/jer/ARCHIVE/scrapers/rustwari/src/cvutils.rs
[2022-10-05][15:36:54][INFO][STKLR::search::utils::tests][303] /media/jer/ARCHIVE/scrapers/rustwari/src/fileutils.rs
[2022-10-05][15:36:54][INFO][STKLR::search::utils::tests][303] /media/jer/ARCHIVE/scrapers/rustwari/src/himawaridt.rs
[2022-10-05][15:36:54][INFO][STKLR::search::utils::tests][303] /media/jer/ARCHIVE/scrapers/rustwari/src/lib.rs
[2022-10-05][15:36:54][INFO][STKLR::search::utils::tests][303] /media/jer/ARCHIVE/scrapers/rustwari/src/main.rs
[2022-10-05][15:36:54][INFO][STKLR::search::utils::tests][303] /media/jer/ARCHIVE/scrapers/rustwari/src/termite.rs
[2022-10-05][15:36:54][INFO][STKLR::search::utils::tests][303] /media/jer/ARCHIVE/scrapers/rustwari/src/tiles.rs
[2022-10-05][15:36:54][INFO][STKLR::search::utils::tests][303] /media/jer/ARCHIVE/scrapers/rustwari/src/user_config.rs
[2022-10-05][15:36:54][INFO][STKLR::search::utils::tests][303] /media/jer/ARCHIVE/scrapers/rustwari/src/wallpaperutils.rs
[2022-10-05][15:36:54][INFO][STKLR::search::utils::tests][327] 9 FILES IN: 0.449168826s
